I, [2014-01-28T11:53:18.486454 #18779]  INFO -- Kitchen: -----> Starting Kitchen (v1.1.1)
I, [2014-01-28T11:53:18.928727 #18779]  INFO -- Kitchen: -----> Cleaning up any prior instances of <default-debian-720>
I, [2014-01-28T11:53:18.928928 #18779]  INFO -- Kitchen: -----> Destroying <default-debian-720>...
I, [2014-01-28T11:53:18.932493 #18779]  INFO -- Kitchen: -----> Testing <default-debian-720>
I, [2014-01-28T11:53:18.932625 #18779]  INFO -- Kitchen: -----> Creating <default-debian-720>...
I, [2014-01-28T11:54:19.166526 #18779]  INFO -- Kitchen: -----> Converging <default-debian-720>...
E, [2014-01-28T11:55:28.740854 #18779] ERROR -- Kitchen: Converge failed on instance <default-debian-720>.
I, [2014-01-28T11:57:08.696402 #19656]  INFO -- Kitchen: -----> Starting Kitchen (v1.1.1)
I, [2014-01-28T11:57:09.087103 #19656]  INFO -- Kitchen: -----> Cleaning up any prior instances of <default-debian-720>
I, [2014-01-28T11:57:09.087707 #19656]  INFO -- Kitchen: -----> Destroying <default-debian-720>...
I, [2014-01-28T11:57:17.547441 #19656]  INFO -- Kitchen: -----> Testing <default-debian-720>
I, [2014-01-28T11:57:17.547685 #19656]  INFO -- Kitchen: -----> Creating <default-debian-720>...
I, [2014-01-28T11:58:06.895718 #19656]  INFO -- Kitchen: -----> Converging <default-debian-720>...
E, [2014-01-28T11:58:54.029208 #19656] ERROR -- Kitchen: Converge failed on instance <default-debian-720>.
I, [2014-01-28T12:01:01.649985 #20822]  INFO -- Kitchen: -----> Starting Kitchen (v1.1.1)
I, [2014-01-28T12:01:02.049222 #20822]  INFO -- Kitchen: -----> Cleaning up any prior instances of <default-debian-720>
I, [2014-01-28T12:01:02.049845 #20822]  INFO -- Kitchen: -----> Destroying <default-debian-720>...
I, [2014-01-28T12:01:11.143435 #20822]  INFO -- Kitchen: -----> Testing <default-debian-720>
I, [2014-01-28T12:01:11.143606 #20822]  INFO -- Kitchen: -----> Creating <default-debian-720>...
I, [2014-01-28T12:02:01.259371 #20822]  INFO -- Kitchen: -----> Converging <default-debian-720>...
E, [2014-01-28T12:02:53.504625 #20822] ERROR -- Kitchen: Converge failed on instance <default-debian-720>.
I, [2014-01-28T12:04:36.615597 #21821]  INFO -- Kitchen: -----> Starting Kitchen (v1.1.1)
I, [2014-01-28T12:04:36.999045 #21821]  INFO -- Kitchen: -----> Cleaning up any prior instances of <default-debian-720>
I, [2014-01-28T12:04:36.999667 #21821]  INFO -- Kitchen: -----> Destroying <default-debian-720>...
I, [2014-01-28T12:04:45.094138 #21821]  INFO -- Kitchen: -----> Testing <default-debian-720>
I, [2014-01-28T12:04:45.094265 #21821]  INFO -- Kitchen: -----> Creating <default-debian-720>...
I, [2014-01-28T12:05:34.911834 #21821]  INFO -- Kitchen: -----> Converging <default-debian-720>...
E, [2014-01-28T12:06:25.974169 #21821] ERROR -- Kitchen: Converge failed on instance <default-debian-720>.
I, [2014-01-28T12:12:07.603760 #23722]  INFO -- Kitchen: -----> Starting Kitchen (v1.1.1)
I, [2014-01-28T12:12:08.000630 #23722]  INFO -- Kitchen: -----> Cleaning up any prior instances of <default-debian-720>
I, [2014-01-28T12:12:08.001268 #23722]  INFO -- Kitchen: -----> Destroying <default-debian-720>...
I, [2014-01-28T12:12:21.350656 #23722]  INFO -- Kitchen: -----> Testing <default-debian-720>
I, [2014-01-28T12:12:21.351147 #23722]  INFO -- Kitchen: -----> Creating <default-debian-720>...
I, [2014-01-28T12:13:11.737684 #23722]  INFO -- Kitchen: -----> Converging <default-debian-720>...
E, [2014-01-28T12:14:01.281263 #23722] ERROR -- Kitchen: Converge failed on instance <default-debian-720>.
I, [2014-01-28T12:19:19.747127 #25712]  INFO -- Kitchen: -----> Starting Kitchen (v1.1.1)
I, [2014-01-28T12:19:20.168945 #25712]  INFO -- Kitchen: -----> Cleaning up any prior instances of <default-debian-720>
I, [2014-01-28T12:19:20.169673 #25712]  INFO -- Kitchen: -----> Destroying <default-debian-720>...
I, [2014-01-28T12:19:34.206189 #25712]  INFO -- Kitchen: -----> Testing <default-debian-720>
I, [2014-01-28T12:19:34.206364 #25712]  INFO -- Kitchen: -----> Creating <default-debian-720>...
I, [2014-01-28T12:20:44.479130 #25712]  INFO -- Kitchen: -----> Converging <default-debian-720>...
E, [2014-01-28T12:24:37.280389 #25712] ERROR -- Kitchen: Converge failed on instance <default-debian-720>.
I, [2014-01-28T12:42:05.527486 #34811]  INFO -- Kitchen: -----> Starting Kitchen (v1.1.1)
I, [2014-01-28T12:42:05.925104 #34811]  INFO -- Kitchen: -----> Cleaning up any prior instances of <default-debian-720>
I, [2014-01-28T12:42:05.925728 #34811]  INFO -- Kitchen: -----> Destroying <default-debian-720>...
I, [2014-01-28T12:42:14.430959 #34811]  INFO -- Kitchen: -----> Testing <default-debian-720>
I, [2014-01-28T12:42:14.431163 #34811]  INFO -- Kitchen: -----> Creating <default-debian-720>...
I, [2014-01-28T12:43:08.876421 #34811]  INFO -- Kitchen: -----> Converging <default-debian-720>...
E, [2014-01-28T12:44:04.342910 #34811] ERROR -- Kitchen: Converge failed on instance <default-debian-720>.
I, [2014-01-28T12:45:08.610156 #35630]  INFO -- Kitchen: -----> Starting Kitchen (v1.1.1)
I, [2014-01-28T12:45:09.013758 #35630]  INFO -- Kitchen: -----> Cleaning up any prior instances of <default-debian-720>
I, [2014-01-28T12:45:09.014404 #35630]  INFO -- Kitchen: -----> Destroying <default-debian-720>...
I, [2014-01-28T12:45:16.480971 #35630]  INFO -- Kitchen: -----> Testing <default-debian-720>
I, [2014-01-28T12:45:16.481150 #35630]  INFO -- Kitchen: -----> Creating <default-debian-720>...
I, [2014-01-28T12:46:06.443329 #35630]  INFO -- Kitchen: -----> Converging <default-debian-720>...
E, [2014-01-28T12:47:08.392273 #35630] ERROR -- Kitchen: Converge failed on instance <default-debian-720>.
I, [2014-01-28T12:49:59.548771 #36944]  INFO -- Kitchen: -----> Starting Kitchen (v1.1.1)
I, [2014-01-28T12:49:59.996910 #36944]  INFO -- Kitchen: -----> Cleaning up any prior instances of <default-debian-720>
I, [2014-01-28T12:49:59.997497 #36944]  INFO -- Kitchen: -----> Destroying <default-debian-720>...
I, [2014-01-28T12:50:08.005497 #36944]  INFO -- Kitchen: -----> Testing <default-debian-720>
I, [2014-01-28T12:50:08.005676 #36944]  INFO -- Kitchen: -----> Creating <default-debian-720>...
I, [2014-01-28T12:51:02.131913 #36944]  INFO -- Kitchen: -----> Converging <default-debian-720>...
E, [2014-01-28T12:54:04.948918 #36944] ERROR -- Kitchen: Converge failed on instance <default-debian-720>.
I, [2014-01-28T12:54:59.086077 #38234]  INFO -- Kitchen: -----> Starting Kitchen (v1.1.1)
I, [2014-01-28T12:54:59.568444 #38234]  INFO -- Kitchen: -----> Cleaning up any prior instances of <default-debian-720>
I, [2014-01-28T12:54:59.568997 #38234]  INFO -- Kitchen: -----> Destroying <default-debian-720>...
I, [2014-01-28T12:55:08.149016 #38234]  INFO -- Kitchen: -----> Testing <default-debian-720>
I, [2014-01-28T12:55:08.149212 #38234]  INFO -- Kitchen: -----> Creating <default-debian-720>...
I, [2014-01-28T12:56:05.876921 #38234]  INFO -- Kitchen: -----> Converging <default-debian-720>...
E, [2014-01-28T12:59:05.486908 #38234] ERROR -- Kitchen: Converge failed on instance <default-debian-720>.
I, [2014-01-28T13:00:20.893385 #39523]  INFO -- Kitchen: -----> Starting Kitchen (v1.1.1)
I, [2014-01-28T13:00:21.295805 #39523]  INFO -- Kitchen: -----> Cleaning up any prior instances of <default-debian-720>
I, [2014-01-28T13:00:21.296449 #39523]  INFO -- Kitchen: -----> Destroying <default-debian-720>...
I, [2014-01-28T13:00:28.512203 #39523]  INFO -- Kitchen: -----> Testing <default-debian-720>
I, [2014-01-28T13:00:28.512505 #39523]  INFO -- Kitchen: -----> Creating <default-debian-720>...
I, [2014-01-28T13:01:35.532198 #39523]  INFO -- Kitchen: -----> Converging <default-debian-720>...
E, [2014-01-28T13:04:25.694105 #39523] ERROR -- Kitchen: Converge failed on instance <default-debian-720>.
I, [2014-01-28T13:07:13.104973 #40974]  INFO -- Kitchen: -----> Starting Kitchen (v1.1.1)
I, [2014-01-28T13:07:13.516273 #40974]  INFO -- Kitchen: -----> Cleaning up any prior instances of <default-debian-720>
I, [2014-01-28T13:07:13.516967 #40974]  INFO -- Kitchen: -----> Destroying <default-debian-720>...
I, [2014-01-28T13:07:21.929390 #40974]  INFO -- Kitchen: -----> Testing <default-debian-720>
I, [2014-01-28T13:07:21.929644 #40974]  INFO -- Kitchen: -----> Creating <default-debian-720>...
I, [2014-01-28T13:08:21.348727 #40974]  INFO -- Kitchen: -----> Converging <default-debian-720>...
E, [2014-01-28T13:11:21.494487 #40974] ERROR -- Kitchen: Converge failed on instance <default-debian-720>.
I, [2014-01-28T13:45:44.530791 #47629]  INFO -- Kitchen: -----> Starting Kitchen (v1.1.1)
I, [2014-01-28T13:45:44.921287 #47629]  INFO -- Kitchen: -----> Cleaning up any prior instances of <default-debian-720>
I, [2014-01-28T13:45:44.921941 #47629]  INFO -- Kitchen: -----> Destroying <default-debian-720>...
I, [2014-01-28T13:45:56.907315 #47629]  INFO -- Kitchen: -----> Testing <default-debian-720>
I, [2014-01-28T13:45:56.907570 #47629]  INFO -- Kitchen: -----> Creating <default-debian-720>...
I, [2014-01-28T13:46:55.893572 #47629]  INFO -- Kitchen: -----> Converging <default-debian-720>...
E, [2014-01-28T14:04:41.025818 #47629] ERROR -- Kitchen: Converge failed on instance <default-debian-720>.
I, [2014-01-28T14:49:54.186832 #59231]  INFO -- Kitchen: -----> Starting Kitchen (v1.1.1)
I, [2014-01-28T14:49:54.650045 #59231]  INFO -- Kitchen: -----> Cleaning up any prior instances of <default-debian-720>
I, [2014-01-28T14:49:54.650683 #59231]  INFO -- Kitchen: -----> Destroying <default-debian-720>...
I, [2014-01-28T14:50:07.121399 #59231]  INFO -- Kitchen: -----> Testing <default-debian-720>
I, [2014-01-28T14:50:07.121559 #59231]  INFO -- Kitchen: -----> Creating <default-debian-720>...
I, [2014-01-28T14:50:57.591490 #59231]  INFO -- Kitchen: -----> Converging <default-debian-720>...
E, [2014-01-28T14:57:44.612172 #59231] ERROR -- Kitchen: Converge failed on instance <default-debian-720>.
E, [2014-01-28T15:40:49.687996 #68131] ERROR -- Kitchen: ------Exception-------
E, [2014-01-28T15:40:49.688106 #68131] ERROR -- Kitchen: Class: Kitchen::ClientError
E, [2014-01-28T15:40:49.688145 #68131] ERROR -- Kitchen: Message: Could not load the 'vagrant' driver from the load path. Please ensure that your driver is installed as a gem or included in your Gemfile if using Bundler.
E, [2014-01-28T15:40:49.688177 #68131] ERROR -- Kitchen: ---Nested Exception---
E, [2014-01-28T15:40:49.688206 #68131] ERROR -- Kitchen: Class: LoadError
E, [2014-01-28T15:40:49.688234 #68131] ERROR -- Kitchen: Message: cannot load such file -- kitchen/driver/vagrant
E, [2014-01-28T15:40:49.688261 #68131] ERROR -- Kitchen: ------Backtrace-------
E, [2014-01-28T15:40:49.688289 #68131] ERROR -- Kitchen: /Users/will/.rbenv/versions/1.9.3-p448/lib/ruby/gems/1.9.1/gems/test-kitchen-1.1.1/lib/kitchen/driver.rb:50:in `rescue in for_plugin'
E, [2014-01-28T15:40:49.688316 #68131] ERROR -- Kitchen: /Users/will/.rbenv/versions/1.9.3-p448/lib/ruby/gems/1.9.1/gems/test-kitchen-1.1.1/lib/kitchen/driver.rb:40:in `for_plugin'
E, [2014-01-28T15:40:49.688343 #68131] ERROR -- Kitchen: /Users/will/.rbenv/versions/1.9.3-p448/lib/ruby/gems/1.9.1/gems/test-kitchen-1.1.1/lib/kitchen/config.rb:124:in `new_driver'
E, [2014-01-28T15:40:49.688371 #68131] ERROR -- Kitchen: /Users/will/.rbenv/versions/1.9.3-p448/lib/ruby/gems/1.9.1/gems/test-kitchen-1.1.1/lib/kitchen/config.rb:130:in `new_instance'
E, [2014-01-28T15:40:49.688399 #68131] ERROR -- Kitchen: /Users/will/.rbenv/versions/1.9.3-p448/lib/ruby/gems/1.9.1/gems/test-kitchen-1.1.1/lib/kitchen/config.rb:73:in `block in build_instances'
E, [2014-01-28T15:40:49.688426 #68131] ERROR -- Kitchen: /Users/will/.rbenv/versions/1.9.3-p448/lib/ruby/gems/1.9.1/gems/test-kitchen-1.1.1/lib/kitchen/config.rb:72:in `map'
E, [2014-01-28T15:40:49.688453 #68131] ERROR -- Kitchen: /Users/will/.rbenv/versions/1.9.3-p448/lib/ruby/gems/1.9.1/gems/test-kitchen-1.1.1/lib/kitchen/config.rb:72:in `with_index'
E, [2014-01-28T15:40:49.688479 #68131] ERROR -- Kitchen: /Users/will/.rbenv/versions/1.9.3-p448/lib/ruby/gems/1.9.1/gems/test-kitchen-1.1.1/lib/kitchen/config.rb:72:in `build_instances'
E, [2014-01-28T15:40:49.688506 #68131] ERROR -- Kitchen: /Users/will/.rbenv/versions/1.9.3-p448/lib/ruby/gems/1.9.1/gems/test-kitchen-1.1.1/lib/kitchen/config.rb:52:in `instances'
E, [2014-01-28T15:40:49.688533 #68131] ERROR -- Kitchen: /Users/will/.rbenv/versions/1.9.3-p448/lib/ruby/gems/1.9.1/gems/test-kitchen-1.1.1/lib/kitchen/cli.rb:342:in `get_filtered_instances'
E, [2014-01-28T15:40:49.688622 #68131] ERROR -- Kitchen: /Users/will/.rbenv/versions/1.9.3-p448/lib/ruby/gems/1.9.1/gems/test-kitchen-1.1.1/lib/kitchen/cli.rb:327:in `parse_subcommand'
E, [2014-01-28T15:40:49.688675 #68131] ERROR -- Kitchen: /Users/will/.rbenv/versions/1.9.3-p448/lib/ruby/gems/1.9.1/gems/test-kitchen-1.1.1/lib/kitchen/cli.rb:60:in `list'
E, [2014-01-28T15:40:49.688708 #68131] ERROR -- Kitchen: /Users/will/.rbenv/versions/1.9.3-p448/lib/ruby/gems/1.9.1/gems/thor-0.18.1/lib/thor/command.rb:27:in `run'
E, [2014-01-28T15:40:49.688735 #68131] ERROR -- Kitchen: /Users/will/.rbenv/versions/1.9.3-p448/lib/ruby/gems/1.9.1/gems/thor-0.18.1/lib/thor/invocation.rb:120:in `invoke_command'
E, [2014-01-28T15:40:49.688764 #68131] ERROR -- Kitchen: /Users/will/.rbenv/versions/1.9.3-p448/lib/ruby/gems/1.9.1/gems/test-kitchen-1.1.1/lib/kitchen/cli.rb:288:in `invoke_task'
E, [2014-01-28T15:40:49.688916 #68131] ERROR -- Kitchen: /Users/will/.rbenv/versions/1.9.3-p448/lib/ruby/gems/1.9.1/gems/thor-0.18.1/lib/thor.rb:363:in `dispatch'
E, [2014-01-28T15:40:49.688954 #68131] ERROR -- Kitchen: /Users/will/.rbenv/versions/1.9.3-p448/lib/ruby/gems/1.9.1/gems/thor-0.18.1/lib/thor/base.rb:439:in `start'
E, [2014-01-28T15:40:49.688984 #68131] ERROR -- Kitchen: /Users/will/.rbenv/versions/1.9.3-p448/lib/ruby/gems/1.9.1/gems/test-kitchen-1.1.1/bin/kitchen:13:in `block in <top (required)>'
E, [2014-01-28T15:40:49.689091 #68131] ERROR -- Kitchen: /Users/will/.rbenv/versions/1.9.3-p448/lib/ruby/gems/1.9.1/gems/test-kitchen-1.1.1/lib/kitchen/errors.rb:81:in `with_friendly_errors'
E, [2014-01-28T15:40:49.689129 #68131] ERROR -- Kitchen: /Users/will/.rbenv/versions/1.9.3-p448/lib/ruby/gems/1.9.1/gems/test-kitchen-1.1.1/bin/kitchen:13:in `<top (required)>'
E, [2014-01-28T15:40:49.689190 #68131] ERROR -- Kitchen: /Users/will/.rbenv/versions/1.9.3-p448/bin/kitchen:23:in `load'
E, [2014-01-28T15:40:49.689219 #68131] ERROR -- Kitchen: /Users/will/.rbenv/versions/1.9.3-p448/bin/kitchen:23:in `<main>'
E, [2014-01-28T15:40:49.689236 #68131] ERROR -- Kitchen: ----------------------
I, [2014-01-28T15:45:55.451095 #70061]  INFO -- Kitchen: -----> Starting Kitchen (v1.1.1)
I, [2014-01-28T15:45:55.843592 #70061]  INFO -- Kitchen: -----> Cleaning up any prior instances of <default-debian-720>
I, [2014-01-28T15:45:55.844193 #70061]  INFO -- Kitchen: -----> Destroying <default-debian-720>...
I, [2014-01-28T15:46:04.726511 #70061]  INFO -- Kitchen: -----> Testing <default-debian-720>
I, [2014-01-28T15:46:04.726649 #70061]  INFO -- Kitchen: -----> Creating <default-debian-720>...
I, [2014-01-28T15:46:59.804111 #70061]  INFO -- Kitchen: -----> Converging <default-debian-720>...
E, [2014-01-28T15:47:55.527418 #70061] ERROR -- Kitchen: Converge failed on instance <default-debian-720>.
I, [2014-01-28T15:49:31.724250 #71050]  INFO -- Kitchen: -----> Starting Kitchen (v1.1.1)
I, [2014-01-28T15:49:32.125589 #71050]  INFO -- Kitchen: -----> Cleaning up any prior instances of <default-debian-720>
I, [2014-01-28T15:49:32.126230 #71050]  INFO -- Kitchen: -----> Destroying <default-debian-720>...
I, [2014-01-28T15:49:39.036777 #71050]  INFO -- Kitchen: -----> Testing <default-debian-720>
I, [2014-01-28T15:49:39.036948 #71050]  INFO -- Kitchen: -----> Creating <default-debian-720>...
I, [2014-01-28T15:50:31.501906 #71050]  INFO -- Kitchen: -----> Converging <default-debian-720>...
E, [2014-01-28T15:51:22.293789 #71050] ERROR -- Kitchen: Converge failed on instance <default-debian-720>.
I, [2014-01-28T15:53:19.506482 #72032]  INFO -- Kitchen: -----> Starting Kitchen (v1.1.1)
I, [2014-01-28T15:53:19.905531 #72032]  INFO -- Kitchen: -----> Cleaning up any prior instances of <default-debian-720>
I, [2014-01-28T15:53:19.906144 #72032]  INFO -- Kitchen: -----> Destroying <default-debian-720>...
I, [2014-01-28T15:53:26.547309 #72032]  INFO -- Kitchen: -----> Testing <default-debian-720>
I, [2014-01-28T15:53:26.547496 #72032]  INFO -- Kitchen: -----> Creating <default-debian-720>...
I, [2014-01-28T15:54:26.998100 #72032]  INFO -- Kitchen: -----> Converging <default-debian-720>...
E, [2014-01-28T15:57:38.449501 #72032] ERROR -- Kitchen: Converge failed on instance <default-debian-720>.
I, [2014-01-29T08:03:41.929953 #32206]  INFO -- Kitchen: -----> Starting Kitchen (v1.1.1)
E, [2014-01-29T08:03:41.935443 #32206] ERROR -- Kitchen: ------Exception-------
E, [2014-01-29T08:03:41.935491 #32206] ERROR -- Kitchen: Class: Kitchen::ClientError
E, [2014-01-29T08:03:41.935509 #32206] ERROR -- Kitchen: Message: Could not load the 'vagrant' driver from the load path. Please ensure that your driver is installed as a gem or included in your Gemfile if using Bundler.
E, [2014-01-29T08:03:41.935523 #32206] ERROR -- Kitchen: ---Nested Exception---
E, [2014-01-29T08:03:41.935537 #32206] ERROR -- Kitchen: Class: LoadError
E, [2014-01-29T08:03:41.935554 #32206] ERROR -- Kitchen: Message: cannot load such file -- kitchen/driver/vagrant
E, [2014-01-29T08:03:41.935567 #32206] ERROR -- Kitchen: ------Backtrace-------
E, [2014-01-29T08:03:41.935580 #32206] ERROR -- Kitchen: /Users/will/.rbenv/versions/1.9.3-p448/lib/ruby/gems/1.9.1/gems/test-kitchen-1.1.1/lib/kitchen/driver.rb:50:in `rescue in for_plugin'
E, [2014-01-29T08:03:41.935594 #32206] ERROR -- Kitchen: /Users/will/.rbenv/versions/1.9.3-p448/lib/ruby/gems/1.9.1/gems/test-kitchen-1.1.1/lib/kitchen/driver.rb:40:in `for_plugin'
E, [2014-01-29T08:03:41.935608 #32206] ERROR -- Kitchen: /Users/will/.rbenv/versions/1.9.3-p448/lib/ruby/gems/1.9.1/gems/test-kitchen-1.1.1/lib/kitchen/config.rb:124:in `new_driver'
E, [2014-01-29T08:03:41.935621 #32206] ERROR -- Kitchen: /Users/will/.rbenv/versions/1.9.3-p448/lib/ruby/gems/1.9.1/gems/test-kitchen-1.1.1/lib/kitchen/config.rb:130:in `new_instance'
E, [2014-01-29T08:03:41.935634 #32206] ERROR -- Kitchen: /Users/will/.rbenv/versions/1.9.3-p448/lib/ruby/gems/1.9.1/gems/test-kitchen-1.1.1/lib/kitchen/config.rb:73:in `block in build_instances'
E, [2014-01-29T08:03:41.935648 #32206] ERROR -- Kitchen: /Users/will/.rbenv/versions/1.9.3-p448/lib/ruby/gems/1.9.1/gems/test-kitchen-1.1.1/lib/kitchen/config.rb:72:in `map'
E, [2014-01-29T08:03:41.935671 #32206] ERROR -- Kitchen: /Users/will/.rbenv/versions/1.9.3-p448/lib/ruby/gems/1.9.1/gems/test-kitchen-1.1.1/lib/kitchen/config.rb:72:in `with_index'
E, [2014-01-29T08:03:41.935698 #32206] ERROR -- Kitchen: /Users/will/.rbenv/versions/1.9.3-p448/lib/ruby/gems/1.9.1/gems/test-kitchen-1.1.1/lib/kitchen/config.rb:72:in `build_instances'
E, [2014-01-29T08:03:41.935713 #32206] ERROR -- Kitchen: /Users/will/.rbenv/versions/1.9.3-p448/lib/ruby/gems/1.9.1/gems/test-kitchen-1.1.1/lib/kitchen/config.rb:52:in `instances'
E, [2014-01-29T08:03:41.935727 #32206] ERROR -- Kitchen: /Users/will/.rbenv/versions/1.9.3-p448/lib/ruby/gems/1.9.1/gems/test-kitchen-1.1.1/lib/kitchen/cli.rb:331:in `get_all_instances'
E, [2014-01-29T08:03:41.935741 #32206] ERROR -- Kitchen: /Users/will/.rbenv/versions/1.9.3-p448/lib/ruby/gems/1.9.1/gems/test-kitchen-1.1.1/lib/kitchen/cli.rb:327:in `parse_subcommand'
E, [2014-01-29T08:03:41.935755 #32206] ERROR -- Kitchen: /Users/will/.rbenv/versions/1.9.3-p448/lib/ruby/gems/1.9.1/gems/test-kitchen-1.1.1/lib/kitchen/cli.rb:141:in `block in test'
E, [2014-01-29T08:03:41.935778 #32206] ERROR -- Kitchen: /Users/will/.rbenv/versions/1.9.3-p448/lib/ruby/1.9.1/benchmark.rb:280:in `measure'
E, [2014-01-29T08:03:41.935802 #32206] ERROR -- Kitchen: /Users/will/.rbenv/versions/1.9.3-p448/lib/ruby/gems/1.9.1/gems/test-kitchen-1.1.1/lib/kitchen/cli.rb:137:in `test'
E, [2014-01-29T08:03:41.935828 #32206] ERROR -- Kitchen: /Users/will/.rbenv/versions/1.9.3-p448/lib/ruby/gems/1.9.1/gems/thor-0.18.1/lib/thor/command.rb:27:in `run'
E, [2014-01-29T08:03:41.935854 #32206] ERROR -- Kitchen: /Users/will/.rbenv/versions/1.9.3-p448/lib/ruby/gems/1.9.1/gems/thor-0.18.1/lib/thor/invocation.rb:120:in `invoke_command'
E, [2014-01-29T08:03:41.935883 #32206] ERROR -- Kitchen: /Users/will/.rbenv/versions/1.9.3-p448/lib/ruby/gems/1.9.1/gems/test-kitchen-1.1.1/lib/kitchen/cli.rb:288:in `invoke_task'
E, [2014-01-29T08:03:41.935929 #32206] ERROR -- Kitchen: /Users/will/.rbenv/versions/1.9.3-p448/lib/ruby/gems/1.9.1/gems/thor-0.18.1/lib/thor.rb:363:in `dispatch'
E, [2014-01-29T08:03:41.935958 #32206] ERROR -- Kitchen: /Users/will/.rbenv/versions/1.9.3-p448/lib/ruby/gems/1.9.1/gems/thor-0.18.1/lib/thor/base.rb:439:in `start'
E, [2014-01-29T08:03:41.935977 #32206] ERROR -- Kitchen: /Users/will/.rbenv/versions/1.9.3-p448/lib/ruby/gems/1.9.1/gems/test-kitchen-1.1.1/bin/kitchen:13:in `block in <top (required)>'
E, [2014-01-29T08:03:41.935990 #32206] ERROR -- Kitchen: /Users/will/.rbenv/versions/1.9.3-p448/lib/ruby/gems/1.9.1/gems/test-kitchen-1.1.1/lib/kitchen/errors.rb:81:in `with_friendly_errors'
E, [2014-01-29T08:03:41.936004 #32206] ERROR -- Kitchen: /Users/will/.rbenv/versions/1.9.3-p448/lib/ruby/gems/1.9.1/gems/test-kitchen-1.1.1/bin/kitchen:13:in `<top (required)>'
E, [2014-01-29T08:03:41.936017 #32206] ERROR -- Kitchen: /Users/will/.rbenv/versions/1.9.3-p448/bin/kitchen:23:in `load'
E, [2014-01-29T08:03:41.936030 #32206] ERROR -- Kitchen: /Users/will/.rbenv/versions/1.9.3-p448/bin/kitchen:23:in `<main>'
E, [2014-01-29T08:03:41.936043 #32206] ERROR -- Kitchen: ----------------------
I, [2014-01-29T08:04:17.061313 #32417]  INFO -- Kitchen: -----> Starting Kitchen (v1.1.1)
I, [2014-01-29T08:04:17.571391 #32417]  INFO -- Kitchen: -----> Cleaning up any prior instances of <default-debian-720>
I, [2014-01-29T08:04:17.572448 #32417]  INFO -- Kitchen: -----> Destroying <default-debian-720>...
I, [2014-01-29T08:04:29.556991 #32417]  INFO -- Kitchen: -----> Testing <default-debian-720>
I, [2014-01-29T08:04:29.557108 #32417]  INFO -- Kitchen: -----> Creating <default-debian-720>...
I, [2014-01-29T08:05:27.097275 #32417]  INFO -- Kitchen: -----> Converging <default-debian-720>...
E, [2014-01-29T08:08:16.295285 #32417] ERROR -- Kitchen: Converge failed on instance <default-debian-720>.
I, [2014-01-29T08:10:04.392804 #34529]  INFO -- Kitchen: -----> Starting Kitchen (v1.1.1)
I, [2014-01-29T08:10:04.744349 #34529]  INFO -- Kitchen: -----> Cleaning up any prior instances of <default-debian-720>
I, [2014-01-29T08:10:04.744821 #34529]  INFO -- Kitchen: -----> Destroying <default-debian-720>...
I, [2014-01-29T08:10:11.999675 #34529]  INFO -- Kitchen: -----> Testing <default-debian-720>
I, [2014-01-29T08:10:11.999861 #34529]  INFO -- Kitchen: -----> Creating <default-debian-720>...
I, [2014-01-29T08:10:59.991342 #34529]  INFO -- Kitchen: -----> Converging <default-debian-720>...
E, [2014-01-29T08:13:45.541405 #34529] ERROR -- Kitchen: Converge failed on instance <default-debian-720>.
I, [2014-01-29T08:15:27.232063 #35990]  INFO -- Kitchen: -----> Starting Kitchen (v1.1.1)
I, [2014-01-29T08:15:27.592197 #35990]  INFO -- Kitchen: -----> Cleaning up any prior instances of <default-debian-720>
I, [2014-01-29T08:15:27.592626 #35990]  INFO -- Kitchen: -----> Destroying <default-debian-720>...
I, [2014-01-29T08:15:36.022939 #35990]  INFO -- Kitchen: -----> Testing <default-debian-720>
I, [2014-01-29T08:15:36.023104 #35990]  INFO -- Kitchen: -----> Creating <default-debian-720>...
I, [2014-01-29T08:16:28.757526 #35990]  INFO -- Kitchen: -----> Converging <default-debian-720>...
E, [2014-01-29T08:19:07.222863 #35990] ERROR -- Kitchen: Converge failed on instance <default-debian-720>.
I, [2014-01-29T08:20:47.876017 #37180]  INFO -- Kitchen: -----> Starting Kitchen (v1.1.1)
I, [2014-01-29T08:20:48.245731 #37180]  INFO -- Kitchen: -----> Cleaning up any prior instances of <default-debian-720>
I, [2014-01-29T08:20:48.246326 #37180]  INFO -- Kitchen: -----> Destroying <default-debian-720>...
I, [2014-01-29T08:20:59.660251 #37180]  INFO -- Kitchen: -----> Testing <default-debian-720>
I, [2014-01-29T08:20:59.660465 #37180]  INFO -- Kitchen: -----> Creating <default-debian-720>...
I, [2014-01-29T08:21:47.818435 #37180]  INFO -- Kitchen: -----> Converging <default-debian-720>...
E, [2014-01-29T08:22:51.191780 #37180] ERROR -- Kitchen: Converge failed on instance <default-debian-720>.
E, [2014-01-29T08:28:16.774084 #38714] ERROR -- Kitchen: ------Exception-------
E, [2014-01-29T08:28:16.774176 #38714] ERROR -- Kitchen: Class: Kitchen::ClientError
E, [2014-01-29T08:28:16.774198 #38714] ERROR -- Kitchen: Message: Could not load the 'vagrant' driver from the load path. Please ensure that your driver is installed as a gem or included in your Gemfile if using Bundler.
E, [2014-01-29T08:28:16.774214 #38714] ERROR -- Kitchen: ---Nested Exception---
E, [2014-01-29T08:28:16.774229 #38714] ERROR -- Kitchen: Class: LoadError
E, [2014-01-29T08:28:16.774243 #38714] ERROR -- Kitchen: Message: cannot load such file -- kitchen/driver/vagrant
E, [2014-01-29T08:28:16.774256 #38714] ERROR -- Kitchen: ------Backtrace-------
E, [2014-01-29T08:28:16.774269 #38714] ERROR -- Kitchen: /Users/will/.rbenv/versions/1.9.3-p448/lib/ruby/gems/1.9.1/gems/test-kitchen-1.1.1/lib/kitchen/driver.rb:50:in `rescue in for_plugin'
E, [2014-01-29T08:28:16.774283 #38714] ERROR -- Kitchen: /Users/will/.rbenv/versions/1.9.3-p448/lib/ruby/gems/1.9.1/gems/test-kitchen-1.1.1/lib/kitchen/driver.rb:40:in `for_plugin'
E, [2014-01-29T08:28:16.774296 #38714] ERROR -- Kitchen: /Users/will/.rbenv/versions/1.9.3-p448/lib/ruby/gems/1.9.1/gems/test-kitchen-1.1.1/lib/kitchen/config.rb:124:in `new_driver'
E, [2014-01-29T08:28:16.774310 #38714] ERROR -- Kitchen: /Users/will/.rbenv/versions/1.9.3-p448/lib/ruby/gems/1.9.1/gems/test-kitchen-1.1.1/lib/kitchen/config.rb:130:in `new_instance'
E, [2014-01-29T08:28:16.774324 #38714] ERROR -- Kitchen: /Users/will/.rbenv/versions/1.9.3-p448/lib/ruby/gems/1.9.1/gems/test-kitchen-1.1.1/lib/kitchen/config.rb:73:in `block in build_instances'
E, [2014-01-29T08:28:16.774338 #38714] ERROR -- Kitchen: /Users/will/.rbenv/versions/1.9.3-p448/lib/ruby/gems/1.9.1/gems/test-kitchen-1.1.1/lib/kitchen/config.rb:72:in `map'
E, [2014-01-29T08:28:16.774351 #38714] ERROR -- Kitchen: /Users/will/.rbenv/versions/1.9.3-p448/lib/ruby/gems/1.9.1/gems/test-kitchen-1.1.1/lib/kitchen/config.rb:72:in `with_index'
E, [2014-01-29T08:28:16.774365 #38714] ERROR -- Kitchen: /Users/will/.rbenv/versions/1.9.3-p448/lib/ruby/gems/1.9.1/gems/test-kitchen-1.1.1/lib/kitchen/config.rb:72:in `build_instances'
E, [2014-01-29T08:28:16.774378 #38714] ERROR -- Kitchen: /Users/will/.rbenv/versions/1.9.3-p448/lib/ruby/gems/1.9.1/gems/test-kitchen-1.1.1/lib/kitchen/config.rb:52:in `instances'
E, [2014-01-29T08:28:16.774392 #38714] ERROR -- Kitchen: /Users/will/.rbenv/versions/1.9.3-p448/lib/ruby/gems/1.9.1/gems/test-kitchen-1.1.1/lib/kitchen/cli.rb:342:in `get_filtered_instances'
E, [2014-01-29T08:28:16.774405 #38714] ERROR -- Kitchen: /Users/will/.rbenv/versions/1.9.3-p448/lib/ruby/gems/1.9.1/gems/test-kitchen-1.1.1/lib/kitchen/cli.rb:157:in `login'
E, [2014-01-29T08:28:16.774418 #38714] ERROR -- Kitchen: /Users/will/.rbenv/versions/1.9.3-p448/lib/ruby/gems/1.9.1/gems/thor-0.18.1/lib/thor/command.rb:27:in `run'
E, [2014-01-29T08:28:16.774432 #38714] ERROR -- Kitchen: /Users/will/.rbenv/versions/1.9.3-p448/lib/ruby/gems/1.9.1/gems/thor-0.18.1/lib/thor/invocation.rb:120:in `invoke_command'
E, [2014-01-29T08:28:16.774446 #38714] ERROR -- Kitchen: /Users/will/.rbenv/versions/1.9.3-p448/lib/ruby/gems/1.9.1/gems/test-kitchen-1.1.1/lib/kitchen/cli.rb:288:in `invoke_task'
E, [2014-01-29T08:28:16.774460 #38714] ERROR -- Kitchen: /Users/will/.rbenv/versions/1.9.3-p448/lib/ruby/gems/1.9.1/gems/thor-0.18.1/lib/thor.rb:363:in `dispatch'
E, [2014-01-29T08:28:16.774473 #38714] ERROR -- Kitchen: /Users/will/.rbenv/versions/1.9.3-p448/lib/ruby/gems/1.9.1/gems/thor-0.18.1/lib/thor/base.rb:439:in `start'
E, [2014-01-29T08:28:16.774486 #38714] ERROR -- Kitchen: /Users/will/.rbenv/versions/1.9.3-p448/lib/ruby/gems/1.9.1/gems/test-kitchen-1.1.1/bin/kitchen:13:in `block in <top (required)>'
E, [2014-01-29T08:28:16.774500 #38714] ERROR -- Kitchen: /Users/will/.rbenv/versions/1.9.3-p448/lib/ruby/gems/1.9.1/gems/test-kitchen-1.1.1/lib/kitchen/errors.rb:81:in `with_friendly_errors'
E, [2014-01-29T08:28:16.774514 #38714] ERROR -- Kitchen: /Users/will/.rbenv/versions/1.9.3-p448/lib/ruby/gems/1.9.1/gems/test-kitchen-1.1.1/bin/kitchen:13:in `<top (required)>'
E, [2014-01-29T08:28:16.774534 #38714] ERROR -- Kitchen: /Users/will/.rbenv/versions/1.9.3-p448/bin/kitchen:23:in `load'
E, [2014-01-29T08:28:16.774549 #38714] ERROR -- Kitchen: /Users/will/.rbenv/versions/1.9.3-p448/bin/kitchen:23:in `<main>'
E, [2014-01-29T08:28:16.774563 #38714] ERROR -- Kitchen: ----------------------
I, [2014-01-29T08:29:39.328191 #39109]  INFO -- Kitchen: -----> Starting Kitchen (v1.1.1)
I, [2014-01-29T08:29:39.678208 #39109]  INFO -- Kitchen: -----> Cleaning up any prior instances of <default-debian-720>
I, [2014-01-29T08:29:39.678687 #39109]  INFO -- Kitchen: -----> Destroying <default-debian-720>...
I, [2014-01-29T08:29:46.857107 #39109]  INFO -- Kitchen: -----> Testing <default-debian-720>
I, [2014-01-29T08:29:46.857545 #39109]  INFO -- Kitchen: -----> Creating <default-debian-720>...
I, [2014-01-29T08:30:34.546609 #39109]  INFO -- Kitchen: -----> Converging <default-debian-720>...
E, [2014-01-29T08:31:30.084445 #39109] ERROR -- Kitchen: Converge failed on instance <default-debian-720>.
I, [2014-01-29T08:32:50.127673 #39883]  INFO -- Kitchen: -----> Starting Kitchen (v1.1.1)
I, [2014-01-29T08:32:50.490981 #39883]  INFO -- Kitchen: -----> Cleaning up any prior instances of <default-debian-720>
I, [2014-01-29T08:32:50.491735 #39883]  INFO -- Kitchen: -----> Destroying <default-debian-720>...
I, [2014-01-29T08:32:57.576408 #39883]  INFO -- Kitchen: -----> Testing <default-debian-720>
I, [2014-01-29T08:32:57.576657 #39883]  INFO -- Kitchen: -----> Creating <default-debian-720>...
I, [2014-01-29T08:33:54.276100 #39883]  INFO -- Kitchen: -----> Converging <default-debian-720>...
E, [2014-01-29T08:36:47.190605 #39883] ERROR -- Kitchen: Converge failed on instance <default-debian-720>.
I, [2014-01-29T08:38:11.475374 #41224]  INFO -- Kitchen: -----> Starting Kitchen (v1.1.1)
I, [2014-01-29T08:38:11.874731 #41224]  INFO -- Kitchen: -----> Cleaning up any prior instances of <default-debian-720>
I, [2014-01-29T08:38:11.875172 #41224]  INFO -- Kitchen: -----> Destroying <default-debian-720>...
I, [2014-01-29T08:38:20.436104 #41224]  INFO -- Kitchen: -----> Testing <default-debian-720>
I, [2014-01-29T08:38:20.436279 #41224]  INFO -- Kitchen: -----> Creating <default-debian-720>...
I, [2014-01-29T08:39:09.230529 #41224]  INFO -- Kitchen: -----> Converging <default-debian-720>...
E, [2014-01-29T08:46:26.404681 #41224] ERROR -- Kitchen: Converge failed on instance <default-debian-720>.
I, [2014-01-29T13:00:54.437454 #95394]  INFO -- Kitchen: -----> Starting Kitchen (v1.1.1)
I, [2014-01-29T13:00:54.811634 #95394]  INFO -- Kitchen: -----> Cleaning up any prior instances of <default-debian-720>
I, [2014-01-29T13:00:54.812238 #95394]  INFO -- Kitchen: -----> Destroying <default-debian-720>...
I, [2014-01-29T13:01:02.921589 #95394]  INFO -- Kitchen: -----> Testing <default-debian-720>
I, [2014-01-29T13:01:02.921727 #95394]  INFO -- Kitchen: -----> Creating <default-debian-720>...
I, [2014-01-29T13:02:10.918963 #95394]  INFO -- Kitchen: -----> Converging <default-debian-720>...
E, [2014-01-29T13:05:26.762682 #95394] ERROR -- Kitchen: Converge failed on instance <default-debian-720>.
I, [2014-01-29T13:08:47.182089 #96975]  INFO -- Kitchen: -----> Starting Kitchen (v1.1.1)
I, [2014-01-29T13:08:47.554369 #96975]  INFO -- Kitchen: -----> Cleaning up any prior instances of <default-debian-720>
I, [2014-01-29T13:08:47.554795 #96975]  INFO -- Kitchen: -----> Destroying <default-debian-720>...
I, [2014-01-29T13:08:55.359855 #96975]  INFO -- Kitchen: -----> Testing <default-debian-720>
I, [2014-01-29T13:08:55.360178 #96975]  INFO -- Kitchen: -----> Creating <default-debian-720>...
I, [2014-01-29T13:09:43.267916 #96975]  INFO -- Kitchen: -----> Converging <default-debian-720>...
E, [2014-01-29T13:12:38.538384 #96975] ERROR -- Kitchen: Converge failed on instance <default-debian-720>.
I, [2014-01-29T13:18:45.547436 #99570]  INFO -- Kitchen: -----> Starting Kitchen (v1.1.1)
I, [2014-01-29T13:18:45.913236 #99570]  INFO -- Kitchen: -----> Cleaning up any prior instances of <default-debian-720>
I, [2014-01-29T13:18:45.913798 #99570]  INFO -- Kitchen: -----> Destroying <default-debian-720>...
I, [2014-01-29T13:18:57.641076 #99570]  INFO -- Kitchen: -----> Testing <default-debian-720>
I, [2014-01-29T13:18:57.641301 #99570]  INFO -- Kitchen: -----> Creating <default-debian-720>...
I, [2014-01-29T13:19:46.983967 #99570]  INFO -- Kitchen: -----> Converging <default-debian-720>...
E, [2014-01-29T13:22:37.135111 #99570] ERROR -- Kitchen: Converge failed on instance <default-debian-720>.
I, [2014-01-29T13:23:28.716977 #803]  INFO -- Kitchen: -----> Starting Kitchen (v1.1.1)
I, [2014-01-29T13:23:29.091694 #803]  INFO -- Kitchen: -----> Cleaning up any prior instances of <default-debian-720>
I, [2014-01-29T13:23:29.092176 #803]  INFO -- Kitchen: -----> Destroying <default-debian-720>...
I, [2014-01-29T13:23:35.392169 #803]  INFO -- Kitchen: -----> Testing <default-debian-720>
I, [2014-01-29T13:23:35.392293 #803]  INFO -- Kitchen: -----> Creating <default-debian-720>...
I, [2014-01-29T13:24:22.435283 #803]  INFO -- Kitchen: -----> Converging <default-debian-720>...
E, [2014-01-29T13:29:16.076589 #803] ERROR -- Kitchen: Converge failed on instance <default-debian-720>.
I, [2014-01-29T13:38:26.494140 #5116]  INFO -- Kitchen: -----> Starting Kitchen (v1.1.1)
I, [2014-01-29T13:38:26.876996 #5116]  INFO -- Kitchen: -----> Cleaning up any prior instances of <default-debian-720>
I, [2014-01-29T13:38:26.877406 #5116]  INFO -- Kitchen: -----> Destroying <default-debian-720>...
I, [2014-01-29T13:38:38.233894 #5116]  INFO -- Kitchen: -----> Testing <default-debian-720>
I, [2014-01-29T13:38:38.234032 #5116]  INFO -- Kitchen: -----> Creating <default-debian-720>...
I, [2014-01-29T13:39:35.746412 #5116]  INFO -- Kitchen: -----> Converging <default-debian-720>...
E, [2014-01-29T13:47:21.416225 #5116] ERROR -- Kitchen: Converge failed on instance <default-debian-720>.
I, [2014-01-29T13:49:40.934942 #7207]  INFO -- Kitchen: -----> Starting Kitchen (v1.1.1)
I, [2014-01-29T13:49:41.317972 #7207]  INFO -- Kitchen: -----> Cleaning up any prior instances of <default-debian-720>
I, [2014-01-29T13:49:41.318430 #7207]  INFO -- Kitchen: -----> Destroying <default-debian-720>...
I, [2014-01-29T13:49:49.608649 #7207]  INFO -- Kitchen: -----> Testing <default-debian-720>
I, [2014-01-29T13:49:49.608883 #7207]  INFO -- Kitchen: -----> Creating <default-debian-720>...
I, [2014-01-29T13:50:47.222276 #7207]  INFO -- Kitchen: -----> Converging <default-debian-720>...
E, [2014-01-29T13:57:43.541847 #7207] ERROR -- Kitchen: Converge failed on instance <default-debian-720>.
I, [2014-01-29T13:59:41.468619 #10015]  INFO -- Kitchen: -----> Starting Kitchen (v1.1.1)
I, [2014-01-29T13:59:41.868604 #10015]  INFO -- Kitchen: -----> Cleaning up any prior instances of <default-debian-720>
I, [2014-01-29T13:59:41.869140 #10015]  INFO -- Kitchen: -----> Destroying <default-debian-720>...
I, [2014-01-29T13:59:54.024482 #10015]  INFO -- Kitchen: -----> Testing <default-debian-720>
I, [2014-01-29T13:59:54.024685 #10015]  INFO -- Kitchen: -----> Creating <default-debian-720>...
I, [2014-01-29T14:00:42.941620 #10015]  INFO -- Kitchen: -----> Converging <default-debian-720>...
E, [2014-01-29T14:08:49.166973 #10015] ERROR -- Kitchen: Converge failed on instance <default-debian-720>.
I, [2014-01-29T14:18:08.117647 #14577]  INFO -- Kitchen: -----> Starting Kitchen (v1.1.1)
I, [2014-01-29T14:18:08.527591 #14577]  INFO -- Kitchen: -----> Cleaning up any prior instances of <default-debian-720>
I, [2014-01-29T14:18:08.528227 #14577]  INFO -- Kitchen: -----> Destroying <default-debian-720>...
I, [2014-01-29T14:18:20.515250 #14577]  INFO -- Kitchen: -----> Testing <default-debian-720>
I, [2014-01-29T14:18:20.515461 #14577]  INFO -- Kitchen: -----> Creating <default-debian-720>...
I, [2014-01-29T14:19:09.449316 #14577]  INFO -- Kitchen: -----> Converging <default-debian-720>...
E, [2014-01-29T14:22:16.147804 #14577] ERROR -- Kitchen: Converge failed on instance <default-debian-720>.
I, [2014-01-29T14:26:53.081650 #16450]  INFO -- Kitchen: -----> Starting Kitchen (v1.1.1)
I, [2014-01-29T14:26:53.521238 #16450]  INFO -- Kitchen: -----> Cleaning up any prior instances of <default-debian-720>
I, [2014-01-29T14:26:53.521685 #16450]  INFO -- Kitchen: -----> Destroying <default-debian-720>...
I, [2014-01-29T14:27:01.791247 #16450]  INFO -- Kitchen: -----> Testing <default-debian-720>
I, [2014-01-29T14:27:01.791420 #16450]  INFO -- Kitchen: -----> Creating <default-debian-720>...
I, [2014-01-29T14:27:59.910155 #16450]  INFO -- Kitchen: -----> Converging <default-debian-720>...
E, [2014-01-29T14:36:49.980327 #16450] ERROR -- Kitchen: Converge failed on instance <default-debian-720>.
I, [2014-01-29T14:39:09.933726 #21869]  INFO -- Kitchen: -----> Starting Kitchen (v1.1.1)
I, [2014-01-29T14:39:10.331056 #21869]  INFO -- Kitchen: -----> Cleaning up any prior instances of <default-debian-720>
I, [2014-01-29T14:39:10.331488 #21869]  INFO -- Kitchen: -----> Destroying <default-debian-720>...
I, [2014-01-29T14:39:23.475034 #21869]  INFO -- Kitchen: -----> Testing <default-debian-720>
I, [2014-01-29T14:39:23.475201 #21869]  INFO -- Kitchen: -----> Creating <default-debian-720>...
I, [2014-01-29T14:40:15.517218 #21869]  INFO -- Kitchen: -----> Converging <default-debian-720>...
E, [2014-01-29T14:52:11.678820 #21869] ERROR -- Kitchen: Converge failed on instance <default-debian-720>.
I, [2014-01-29T15:42:57.336861 #37947]  INFO -- Kitchen: -----> Starting Kitchen (v1.1.1)
I, [2014-01-29T15:42:57.751913 #37947]  INFO -- Kitchen: -----> Destroying <default-debian-720>...
I, [2014-01-29T15:43:04.808211 #37947]  INFO -- Kitchen: -----> Kitchen is finished. (0m7.47s)
I, [2014-01-29T20:59:36.535654 #9751]  INFO -- Kitchen: -----> Starting Kitchen (v1.1.1)
I, [2014-01-29T20:59:36.910283 #9751]  INFO -- Kitchen: -----> Cleaning up any prior instances of <default-debian-720>
I, [2014-01-29T20:59:36.910712 #9751]  INFO -- Kitchen: -----> Destroying <default-debian-720>...
I, [2014-01-29T20:59:36.925820 #9751]  INFO -- Kitchen: -----> Testing <default-debian-720>
I, [2014-01-29T20:59:36.925963 #9751]  INFO -- Kitchen: -----> Creating <default-debian-720>...
I, [2014-01-29T21:00:33.806665 #9751]  INFO -- Kitchen: -----> Converging <default-debian-720>...
I, [2014-01-29T21:15:24.809079 #9751]  INFO -- Kitchen: -----> Setting up <default-debian-720>...
I, [2014-01-29T21:15:24.810682 #9751]  INFO -- Kitchen: -----> Verifying <default-debian-720>...
I, [2014-01-29T21:15:24.812291 #9751]  INFO -- Kitchen: -----> Destroying <default-debian-720>...
I, [2014-01-29T21:15:37.636532 #9751]  INFO -- Kitchen: -----> Kitchen is finished. (16m1.10s)
